commit 47977066671a9bbffa9091fc39e8297dd6cc8628
Author: ace-jc <ace-jc@users.noreply.github.com>
Date:   Thu Oct 20 17:56:20 2016 -0500

    update to filenames

commit f335933b6154d7ce57374d071d0300ef006cf753
Author: Matthew Xavier <mxavier6@cs.utexas.edu>
Date:   Thu Oct 20 17:49:53 2016 -0500

    Added some changes.

commit 4cfe9a377f1fe3d35a31baf2806ef04df92504aa
Merge: e527133 076cf08
Author: Matthew Xavier <mxavier6@cs.utexas.edu>
Date:   Thu Oct 20 17:42:14 2016 -0500

    Merge pull request #28 from cs373gc-fall-2016/documentation
    
    Added formatting

commit 076cf08cac7cb790dd49f9b85f8b9ad797238f13
Author: Matthew Xavier <mxavier6@cs.utexas.edu>
Date:   Thu Oct 20 17:38:21 2016 -0500

    Added formatting

commit e5271332963f698279f29ec91cf9e4617d72f6fc
Merge: b3ed2e5 a911a57
Author: Brandon Dang <budang@cs.utexas.edu>
Date:   Thu Oct 20 17:15:09 2016 -0500

    Merge branch 'master' of https://github.com/cs373gc-fall-2016/SouthernWholesomeEducation into phaseOne

commit b3ed2e50ca77aa01e8fa1adbb8e78ec071bddd22
Merge: 9383270 709fad2
Author: Joaquin I Casaubon <ace-jc@users.noreply.github.com>
Date:   Thu Oct 20 17:13:55 2016 -0500

    Merge pull request #27 from cs373gc-fall-2016/frontEndUI
    
    Front end ui

commit 709fad2c72a16e35b72566e21ee505993f46336d
Author: Wanshui Yu <yu.wanshui@utexas.edu>
Date:   Thu Oct 20 17:12:58 2016 -0500

    added total commits

commit b0591494476610197e426cebe9cc40b5a0f394f3
Author: Wanshui Yu <yu.wanshui@utexas.edu>
Date:   Thu Oct 20 17:09:46 2016 -0500

    formatted mission statement

commit 0325e1589a46bb1775fae482c9fcccb42a2b2c77
Author: Wanshui Yu <yu.wanshui@utexas.edu>
Date:   Thu Oct 20 17:09:10 2016 -0500

    formatted mission statement

commit a911a578b495bf90c0a357c3da47c4ace7abc5c9
Merge: 5802242 288a311
Author: Joaquin I Casaubon <ace-jc@users.noreply.github.com>
Date:   Thu Oct 20 17:08:58 2016 -0500

    Merge pull request #24 from cs373gc-fall-2016/travis
    
    Travis

commit 23e6019fffbeffd868c8d45cfa362341a7ccfe79
Author: Wanshui Yu <yu.wanshui@utexas.edu>
Date:   Thu Oct 20 17:06:05 2016 -0500

    added mission statement

commit 288a311833972f1f9104b32b151fc4c759541299
Author: Brandon Dang <budang@cs.utexas.edu>
Date:   Thu Oct 20 17:02:41 2016 -0500

    Added test command to makefile

commit 38be70e72d366413930dd3f994062e6f50a2d0bc
Merge: 7a4362e 9383270
Author: Brandon Dang <budang@cs.utexas.edu>
Date:   Thu Oct 20 16:37:47 2016 -0500

    Merge branch 'phaseOne' of https://github.com/cs373gc-fall-2016/SouthernWholesomeEducation into travis

commit 93832709b67cb3bc0a0a9b1f0488e1f1b98909cf
Merge: a2b474f 77465a4
Author: Brandon Dang <budang@users.noreply.github.com>
Date:   Thu Oct 20 16:37:34 2016 -0500

    Merge pull request #26 from cs373gc-fall-2016/frontEndUI
    
    Front end ui

commit 77465a405fc670d9252a7880984cdf61f6ecc049
Author: Wanshui Yu <yu.wanshui@utexas.edu>
Date:   Thu Oct 20 16:33:07 2016 -0500

    changed navi bar

commit 0394706d453605a5eda1f0fc7e511edb890115f7
Author: Wanshui Yu <yu.wanshui@utexas.edu>
Date:   Thu Oct 20 16:32:06 2016 -0500

    finalized front end information

commit a2b474faefa9a3388ebc81c5521fb87482a0ecdd
Merge: 03a6dcd 2d22723
Author: Brandon Dang <budang@users.noreply.github.com>
Date:   Thu Oct 20 16:30:56 2016 -0500

    Merge pull request #25 from cs373gc-fall-2016/frontEnd
    
    Merging frontEnd into phaseOne

commit 2d22723e5cfbb73616765d7edca7e4563544dbdf
Author: Matthew Xavier <mxavier6@cs.utexas.edu>
Date:   Thu Oct 20 16:26:37 2016 -0500

    Added black.html stuff back

commit cab924ca33c8cf0a91de53b2c7b79bc6fdd1107b
Author: Wanshui Yu <yu.wanshui@utexas.edu>
Date:   Thu Oct 20 16:25:28 2016 -0500

    finished about page and changed front page

commit f26cc87e8819bfe81865534c16053871741e9ee7
Merge: db7f18e 03a6dcd
Author: Matthew Xavier <mxavier6@cs.utexas.edu>
Date:   Thu Oct 20 16:21:03 2016 -0500

    Updated files

commit 7a4362e8536493b709569b4fb7368b53f484772d
Author: Brandon Dang <budang@cs.utexas.edu>
Date:   Thu Oct 20 16:19:11 2016 -0500

    Adding .travis.yml

commit 03a6dcdc6e69e93a395296a8001b0fc528b227ae
Merge: 5e282b0 b89ba88
Author: Joaquin I Casaubon <ace-jc@users.noreply.github.com>
Date:   Thu Oct 20 15:54:30 2016 -0500

    Merge pull request #23 from cs373gc-fall-2016/models
    
    Models

commit b89ba88eadafbc6e9363aa538083f93dbb60fd01
Merge: 43a15ab 5e282b0
Author: Brandon Dang <budang@cs.utexas.edu>
Date:   Thu Oct 20 15:51:15 2016 -0500

    Git pull and resolving merge conflicts

commit db7f18e6ed310b9104153fc18871b84471968da9
Author: Matthew Xavier <mxavier6@cs.utexas.edu>
Date:   Thu Oct 20 15:44:54 2016 -0500

    Added pydoc

commit 5e282b057da247381a2d0d29dd2ccaf950c85796
Merge: 014d5e2 f785b8c
Author: Joaquin I Casaubon <ace-jc@users.noreply.github.com>
Date:   Thu Oct 20 15:43:20 2016 -0500

    Merge pull request #22 from cs373gc-fall-2016/tests
    
    Tests

commit f785b8ca50810e8386dad5b42cf45cab52ad571a
Merge: 6edfef9 014d5e2
Author: Brandon Dang <budang@cs.utexas.edu>
Date:   Thu Oct 20 15:40:41 2016 -0500

    Merge branch 'phaseOne' of https://github.com/cs373gc-fall-2016/SouthernWholesomeEducation into tests

commit 014d5e27f227994509549b9dc17e385c567bfd37
Author: ace-jc <ace-jc@users.noreply.github.com>
Date:   Thu Oct 20 15:35:59 2016 -0500

    removing old files and adding models

commit 9650a23fb269d5e76b13dc1ebf12afce88e659b4
Author: ace-jc <ace-jc@users.noreply.github.com>
Date:   Thu Oct 20 15:25:20 2016 -0500

    updating readme3

commit cca96e7ad1d3d0686a86d4af54666bb1ea01529e
Author: ace-jc <ace-jc@users.noreply.github.com>
Date:   Thu Oct 20 15:24:15 2016 -0500

    updating readme2

commit a93e426c60b63c8febb0de77b830244dc5a7f6ef
Author: ace-jc <ace-jc@users.noreply.github.com>
Date:   Thu Oct 20 15:21:27 2016 -0500

    updating readme

commit f16ef2822131731b73b11fd40e3825cfbf9545cf
Author: Wanshui Yu <yu.wanshui@utexas.edu>
Date:   Thu Oct 20 15:15:12 2016 -0500

    added brandon's photo

commit c95af9c4d13865b07772277f1f3874486b563c4e
Author: Wanshui Yu <yu.wanshui@utexas.edu>
Date:   Thu Oct 20 15:09:26 2016 -0500

    added city youtube vids

commit 2e61f128960aef76bf2f42e4574581f03dd7de5b
Author: Wanshui Yu <yu.wanshui@utexas.edu>
Date:   Thu Oct 20 15:07:45 2016 -0500

    format

commit 1adda91b456d8328470759b8ad27d8bc4c124e17
Merge: 70c9bfc c552a2b
Author: Joaquin I Casaubon <ace-jc@users.noreply.github.com>
Date:   Thu Oct 20 15:03:06 2016 -0500

    Merge pull request #21 from cs373gc-fall-2016/frontEndUI
    
    Front end ui

commit 119f61d033767b49662a23ad3bc5e614f775a592
Author: EC2 Default User <ec2-user@ip-172-31-21-227.us-west-2.compute.internal>
Date:   Thu Oct 20 19:56:40 2016 +0000

    Updated stuff

commit 43a15ab33415f279d185d90bad741911f1749da5
Author: Michael Volk <mjv732@cs.utexas.edu>
Date:   Thu Oct 20 14:46:29 2016 -0500

    documented models and changed init in Major

commit c552a2b0e4c9e70f2b685118b5988fc7570cd1d2
Author: Wanshui Yu <yu.wanshui@utexas.edu>
Date:   Thu Oct 20 14:31:19 2016 -0500

    added format

commit 5c957716cc97c002648fe9e03f50c487d4fcac52
Author: Wanshui Yu <yu.wanshui@utexas.edu>
Date:   Thu Oct 20 14:24:42 2016 -0500

    fixed black ethnicity

commit 37ca8a08dc7a4e3d20f9279084f5b76463d6bdac
Author: Wanshui Yu <yu.wanshui@utexas.edu>
Date:   Thu Oct 20 14:23:51 2016 -0500

    added black people

commit 4275cad7d93ae7ead776197c9f6f9e656193e5f9
Merge: f1d3546 9f968a5
Author: EC2 Default User <ec2-user@ip-172-31-21-227.us-west-2.compute.internal>
Date:   Thu Oct 20 19:22:16 2016 +0000

    Merge branch 'frontEnd' of https://github.com/cs373gc-fall-2016/SouthernWholesomeEducation into frontEnd

commit 9f968a5281840ac9c218eb91ce6aa8566cd9f0e5
Author: mxavier6 <matthewxavier95@gmail.com>
Date:   Thu Oct 20 14:19:49 2016 -0500

    Updated app.py

commit 5d7d6a3dc07a5a2ad9ebd9986a38fe855b2b44b3
Author: Wanshui Yu <yu.wanshui@utexas.edu>
Date:   Thu Oct 20 14:18:37 2016 -0500

    added happy ethnicities

commit 9400c4ac787bfa49ba16bd77e99b7c4c30b20cdf
Author: Wanshui Yu <yu.wanshui@utexas.edu>
Date:   Thu Oct 20 13:51:15 2016 -0500

    format

commit 094169daa62efeae16c4c140e97010f79d267858
Author: Wanshui Yu <yu.wanshui@utexas.edu>
Date:   Thu Oct 20 13:47:33 2016 -0500

    trying to fix formatting

commit c119c90573f357479fde8754590fe477ad51bd20
Author: Wanshui Yu <yu.wanshui@utexas.edu>
Date:   Thu Oct 20 13:43:02 2016 -0500

    resized image

commit 2a2201b3b7396e1024c71bcfa4423be1706885d8
Author: Wanshui Yu <yu.wanshui@utexas.edu>
Date:   Thu Oct 20 13:34:23 2016 -0500

    all bio photos added

commit b76ac4c3d08092cfb421e11bc72cb538dba9d11d
Author: Wanshui Yu <yu.wanshui@utexas.edu>
Date:   Thu Oct 20 10:17:18 2016 -0500

    added some bios

commit 7820bca481076d8bb4f098ddff0325e9aba885fe
Author: Wanshui Yu <yu.wanshui@utexas.edu>
Date:   Thu Oct 20 10:10:30 2016 -0500

    images

commit 2100e957ee828f3e894141d3cc9444fd7ada48b3
Author: Wanshui Yu <yu.wanshui@utexas.edu>
Date:   Thu Oct 20 10:06:46 2016 -0500

    images

commit ebcc93407c27fe882ad97569f8e3105bfcc96b67
Author: Wanshui Yu <yu.wanshui@utexas.edu>
Date:   Thu Oct 20 10:05:47 2016 -0500

    images

commit 0c04ccbb4eb2f80920a6cc2177ef0744c833c689
Author: Wanshui Yu <yu.wanshui@utexas.edu>
Date:   Thu Oct 20 10:00:30 2016 -0500

    images

commit 5cb4ade8fe336125fa0a704590d26002e1c8351c
Author: Wanshui Yu <yu.wanshui@utexas.edu>
Date:   Thu Oct 20 09:56:57 2016 -0500

    images

commit 98147ff53543d7ae741535286e94bdecdf46e2f7
Author: Wanshui Yu <yu.wanshui@utexas.edu>
Date:   Thu Oct 20 09:55:30 2016 -0500

    changed images

commit f3098d9d134a6669aa250348eb3d70daa611e299
Author: Wanshui Yu <yu.wanshui@utexas.edu>
Date:   Thu Oct 20 09:49:43 2016 -0500

    added some about images

commit 50afc6fcbc0a740aae71e03398f6ca33dd339d14
Author: Wanshui Yu <yu.wanshui@utexas.edu>
Date:   Wed Oct 19 21:08:40 2016 -0500

    added media

commit 760a955af1adf466f7a2f9655d31a899a04277c1
Author: Wanshui Yu <yu.wanshui@utexas.edu>
Date:   Wed Oct 19 20:59:28 2016 -0500

    ut austin details

commit 458ba61a874f0a02b2efe661bc480274f325bf25
Author: Wanshui Yu <yu.wanshui@utexas.edu>
Date:   Wed Oct 19 20:57:47 2016 -0500

    testing detail layout and image

commit 2daa6ed90471c2be4e40b7cab687317d9cecd318
Author: Wanshui Yu <yu.wanshui@utexas.edu>
Date:   Wed Oct 19 20:50:59 2016 -0500

    testing youtube videos

commit ca2d16f978dea0d64b963cb031be7b44ddb9a8e1
Author: Wanshui Yu <yu.wanshui@utexas.edu>
Date:   Wed Oct 19 20:49:15 2016 -0500

    changed heigh of carousel images

commit 5f13bd0f2b943b9aa3e3af7ba07827c2da5f37b3
Author: Wanshui Yu <yu.wanshui@utexas.edu>
Date:   Wed Oct 19 20:43:24 2016 -0500

    added some about page info

commit 658fa8e6f1867d9b4dc24cd6d32896126f87dab1
Author: Wanshui Yu <yu.wanshui@utexas.edu>
Date:   Wed Oct 19 20:37:25 2016 -0500

    chanegd carousel css

commit 9b652df015e4a554c763353785f3adaa17b2b902
Author: Wanshui Yu <yu.wanshui@utexas.edu>
Date:   Wed Oct 19 20:36:22 2016 -0500

    made images links

commit 6edfef988b48a971d2ec53cbc7bc697f2d4b8997
Author: Brandon Dang <budang@cs.utexas.edu>
Date:   Wed Oct 19 20:31:40 2016 -0500

    Unit tests for City and Ethnicity classes

commit d2ec37ff001a4493801e5bf9515bf0716caa6ea2
Author: Wanshui Yu <yu.wanshui@utexas.edu>
Date:   Wed Oct 19 20:31:19 2016 -0500

    added Joaquin's discrptions

commit eae5f84ce6b3cda689ab5802a9b02a5d5a8ba6f8
Author: Brandon Dang <budang@cs.utexas.edu>
Date:   Wed Oct 19 20:20:53 2016 -0500

    A lot of unit tests for University and City

commit 17f83efb66064463d32e112e8fe237ad2b2f0173
Author: Wanshui Yu <yu.wanshui@utexas.edu>
Date:   Wed Oct 19 20:04:47 2016 -0500

    csl

commit a6ae1304ccf3b81638c46f819dc5cd93054b0892
Author: Wanshui Yu <yu.wanshui@utexas.edu>
Date:   Wed Oct 19 20:02:51 2016 -0500

    carousel

commit 44e4012730dc2528e168089ab06e34973faa4dfb
Author: Wanshui Yu <yu.wanshui@utexas.edu>
Date:   Wed Oct 19 19:52:56 2016 -0500

    trying to fix carousel images

commit 965941d62fa08fcef497664e846defcabe7751d8
Author: Wanshui Yu <yu.wanshui@utexas.edu>
Date:   Wed Oct 19 19:50:55 2016 -0500

    added carousel images

commit 161bebbedf7650787a1f952f19195deba5c7bc45
Author: Wanshui Yu <yu.wanshui@utexas.edu>
Date:   Wed Oct 19 19:32:21 2016 -0500

    changed some font sizes in about

commit 4bed9998cdaa72da069f4ab39c7795ce3e8fb414
Author: Wanshui Yu <yu.wanshui@utexas.edu>
Date:   Wed Oct 19 19:30:39 2016 -0500

    fixed some links

commit e7a7e35211922646bdfb071549bad4471734a793
Author: Wanshui Yu <yu.wanshui@utexas.edu>
Date:   Wed Oct 19 19:29:47 2016 -0500

    added some about page info

commit 378cea320cfb35ff0816263e4884798c3ec89dae
Author: mjvolk <michaelvolk@utexas.edu>
Date:   Wed Oct 19 19:27:20 2016 -0500

    updated data model

commit c2559c37427d9f5c27d038f1b947c229ed31cebb
Author: Wanshui Yu <yu.wanshui@utexas.edu>
Date:   Wed Oct 19 19:21:01 2016 -0500

    formatted data and tools section of about page

commit fa16339fd6eadb243de77fb5f48697bdac6b93c6
Author: Wanshui Yu <yu.wanshui@utexas.edu>
Date:   Wed Oct 19 19:03:06 2016 -0500

    fixed about page format

commit 2a39c00f5edc7002806e9f171cfc49812976471d
Author: Wanshui Yu <yu.wanshui@utexas.edu>
Date:   Wed Oct 19 19:02:17 2016 -0500

    formatted about page

commit 5607915b4b30042db8ef8bce135646622f34984e
Author: Brandon Dang <budang@cs.utexas.edu>
Date:   Wed Oct 19 18:52:59 2016 -0500

    Init commit of unit tests

commit dfd518ac5caee7f7e498a3afcf6e2df94f1296d5
Author: Wanshui Yu <yu.wanshui@utexas.edu>
Date:   Wed Oct 19 18:44:06 2016 -0500

    added background

commit 623fc2ee48f9f98b975caa34c09a879b42ae23ea
Author: Wanshui Yu <yu.wanshui@utexas.edu>
Date:   Wed Oct 19 18:19:01 2016 -0500

    ui test

commit f1d3546a4d9a3fec885fbfdcb91125bcdef6e463
Merge: 7014c78 6c7c77a
Author: EC2 Default User <ec2-user@ip-172-31-21-227.us-west-2.compute.internal>
Date:   Wed Oct 19 23:15:40 2016 +0000

    Merge branch 'frontEnd' of https://github.com/cs373gc-fall-2016/SouthernWholesomeEducation into frontEnd

commit 6c7c77a58855e5ead3f9b5608c8468db44805ca4
Author: jc <ace-jc@users.noreply.github.com>
Date:   Wed Oct 19 18:15:31 2016 -0500

    adding links to ethnic groups

commit 7014c78242407748ba32a730ed8603897461e31b
Merge: bdd221c 253ad30
Author: EC2 Default User <ec2-user@ip-172-31-21-227.us-west-2.compute.internal>
Date:   Wed Oct 19 23:14:08 2016 +0000

    Merge branch 'frontEnd' of https://github.com/cs373gc-fall-2016/SouthernWholesomeEducation into frontEnd

commit 253ad303d82cabeb52a8a721eeb50326dcfb56bb
Author: jc <ace-jc@users.noreply.github.com>
Date:   Wed Oct 19 18:14:01 2016 -0500

    updating the ethnicity page

commit bdd221ce6032e001c2aefb2a3f8701dbb69147b5
Merge: 4c6c50f 22e8763
Author: EC2 Default User <ec2-user@ip-172-31-21-227.us-west-2.compute.internal>
Date:   Wed Oct 19 23:07:48 2016 +0000

    Merge branch 'frontEnd' of https://github.com/cs373gc-fall-2016/SouthernWholesomeEducation into frontEnd

commit 22e876376622271ef2fd13a415a28c1ce5236ed1
Author: jc <ace-jc@users.noreply.github.com>
Date:   Wed Oct 19 18:07:41 2016 -0500

    updating the city,major, and university pages2

commit 4c6c50fc03e745025b27df558c40a9b757b8c36b
Merge: 2c049f5 f2b0b7a
Author: EC2 Default User <ec2-user@ip-172-31-21-227.us-west-2.compute.internal>
Date:   Wed Oct 19 23:05:26 2016 +0000

    Merge branch 'frontEnd' of https://github.com/cs373gc-fall-2016/SouthernWholesomeEducation into frontEnd

commit f2b0b7ab4a7a15e70f3f567c52fa4d98f5b0c6d8
Author: jc <ace-jc@users.noreply.github.com>
Date:   Wed Oct 19 18:05:18 2016 -0500

    updating the city,major, and university pages

commit 5802242545f64359f9c59f3625e5495084a54e48
Author: JiYoung Min <jymin94@gmail.com>
Date:   Wed Oct 19 17:58:43 2016 -0500

    Transferring API Description file from Apiary.io

commit cfb2fca2986668c905d92de945ce0c2e1650b29e
Author: mjvolk <michaelvolk@utexas.edu>
Date:   Wed Oct 19 17:55:05 2016 -0500

    updated models

commit 2c049f5db6fdbfb8fb526862803da645329109aa
Merge: b6fab1f 077aa7e
Author: EC2 Default User <ec2-user@ip-172-31-21-227.us-west-2.compute.internal>
Date:   Wed Oct 19 22:37:19 2016 +0000

    Merge branch 'frontEnd' of https://github.com/cs373gc-fall-2016/SouthernWholesomeEducation into frontEnd

commit 077aa7e52f0f09d2d493bf606404b604e4e01ce3
Author: jc <ace-jc@users.noreply.github.com>
Date:   Wed Oct 19 17:37:11 2016 -0500

    updating the universities page2

commit b6fab1fbd44817af28e37d88b549a7bdf9dd2253
Merge: 2b32a74 3c22ed4
Author: EC2 Default User <ec2-user@ip-172-31-21-227.us-west-2.compute.internal>
Date:   Wed Oct 19 22:31:08 2016 +0000

    Merge branch 'frontEnd' of https://github.com/cs373gc-fall-2016/SouthernWholesomeEducation into frontEnd

commit 3c22ed4a8486f53fb2681da500cbdde35567da34
Author: jc <ace-jc@users.noreply.github.com>
Date:   Wed Oct 19 17:17:38 2016 -0500

    updating the universities page

commit 2b32a749e950d7b4332f86f2c76b02b7ca965e2f
Author: jc <ace-jc@users.noreply.github.com>
Date:   Wed Oct 19 17:17:38 2016 -0500

    updating the universities page

commit b1070830a2a62542f0549c8ae8b5c4891fb2e084
Author: jc <ace-jc@users.noreply.github.com>
Date:   Wed Oct 19 17:15:53 2016 -0500

    Merge branch 'frontEnd' of https://github.com/cs373gc-fall-2016/SouthernWholesomeEducation into frontEnd

commit 66f0b5a36abecc097502298fdc2efd0f01368e9a
Merge: 0927a23 0cec773
Author: jc <ace-jc@users.noreply.github.com>
Date:   Wed Oct 19 17:15:53 2016 -0500

    Merge branch 'frontEnd' of https://github.com/cs373gc-fall-2016/SouthernWholesomeEducation into frontEnd

commit 0cec7734bc3fa3c12506a3adb20e83b816e91e60
Author: ace-jc <ace-jc@users.noreply.github.com>
Date:   Wed Oct 19 12:58:10 2016 -0500

    update to layout

commit 0927a2345fec42ce4ca4238bc935c6341d9819c1
Author: ace-jc <ace-jc@users.noreply.github.com>
Date:   Wed Oct 19 12:58:10 2016 -0500

    update to layout

commit 8990e0e658ca3bf407ef5f0bacae7c848459365d
Author: ace-jc <ace-jc@users.noreply.github.com>
Date:   Wed Oct 19 12:56:29 2016 -0500

    updating models frontend pages

commit 33850ed6833f00407881779898f73b1211f55d99
Author: ace-jc <ace-jc@users.noreply.github.com>
Date:   Wed Oct 19 12:56:29 2016 -0500

    updating models frontend pages

commit 7429dd68d801d02888ac0783aa6f73160e4105a5
Author: ace-jc <ace-jc@users.noreply.github.com>
Date:   Wed Oct 19 12:35:01 2016 -0500

    update to layout

commit fd1a87feb8b979ee74f548c21e77602a5303a73b
Author: ace-jc <ace-jc@users.noreply.github.com>
Date:   Wed Oct 19 12:35:01 2016 -0500

    update to layout

commit 4f5c4b3a0c5dd0a4e5892ed5e8ed1d0b38ee624a
Author: ace-jc <ace-jc@users.noreply.github.com>
Date:   Wed Oct 19 12:32:54 2016 -0500

    updating cities main page

commit e32c121cdc3c4fe8ae40a7938936fc33ab9d1901
Author: ace-jc <ace-jc@users.noreply.github.com>
Date:   Wed Oct 19 12:32:54 2016 -0500

    updating cities main page

commit d0bd6d3b4072b77d5f6b7cc830b66dee1711b61b
Author: ninean <yu.wanshui@utexas.edu>
Date:   Wed Oct 19 08:52:19 2016 -0500

    Update journalism.html

commit ce18821e9c5425b345f5778280477969116f8b1f
Author: ninean <yu.wanshui@utexas.edu>
Date:   Wed Oct 19 08:52:19 2016 -0500

    Update journalism.html

commit e72fe2b1988a45fdb39c036611a105febba75455
Author: Wanshui Yu <yu.wanshui@utexas.edu>
Date:   Tue Oct 18 21:57:23 2016 -0500

    changed html to not reference diretcories

commit 708a60cc2d98b04a93a3d10fe09e42c96731ab84
Author: Wanshui Yu <yu.wanshui@utexas.edu>
Date:   Tue Oct 18 21:57:23 2016 -0500

    changed html to not reference diretcories

commit 4f561a38fc4cc8d45e0f9f29512a7dd2d4db1955
Author: Wanshui Yu <yu.wanshui@utexas.edu>
Date:   Tue Oct 18 21:50:53 2016 -0500

    pulled files out of directories

commit 4a4980944c2a9e6a9298cffd0b6917506880d801
Author: Wanshui Yu <yu.wanshui@utexas.edu>
Date:   Tue Oct 18 21:50:53 2016 -0500

    pulled files out of directories

commit 64268e29a953d76970f82b9151d094dd058dc7f3
Author: JiYoung Min <jymin94@gmail.com>
Date:   Tue Oct 18 21:40:19 2016 -0500

    Transferring API Description file from Apiary.io

commit 6a6eb852613971e8901b27122424e6905202fffb
Author: Wanshui Yu <yu.wanshui@utexas.edu>
Date:   Tue Oct 18 21:38:47 2016 -0500

    added layout.html to directories

commit 99a65f8ea9a2154863d99d0ed342f988a21fc22b
Author: Wanshui Yu <yu.wanshui@utexas.edu>
Date:   Tue Oct 18 21:38:47 2016 -0500

    added layout.html to directories

commit 9aab93ac6fca226a67b3d9453e9d4a6b2977a16d
Author: Wanshui Yu <yu.wanshui@utexas.edu>
Date:   Tue Oct 18 21:31:25 2016 -0500

    UVMain changed

commit 4c93f81ee3dff7acfd926f9321cb15421de7fdf6
Author: Wanshui Yu <yu.wanshui@utexas.edu>
Date:   Tue Oct 18 21:31:25 2016 -0500

    UVMain changed

commit ce8a945a159abc16feaf2d5ac05df4b2b68a6736
Author: Wanshui Yu <yu.wanshui@utexas.edu>
Date:   Tue Oct 18 21:25:46 2016 -0500

    edited UVMain

commit 7cfbdfe9543853f938b4818eb47da2f5127d8f0e
Author: Wanshui Yu <yu.wanshui@utexas.edu>
Date:   Tue Oct 18 21:25:46 2016 -0500

    edited UVMain

commit 965922c3d5fa07bff7cabe1584c31204d0224c90
Author: Wanshui Yu <yu.wanshui@utexas.edu>
Date:   Tue Oct 18 21:24:25 2016 -0500

    edited major.html

commit 7d06e9ffb06e399c4097ef7e9285db1c3c90e515
Author: Wanshui Yu <yu.wanshui@utexas.edu>
Date:   Tue Oct 18 21:24:25 2016 -0500

    edited major.html

commit 51a0b1cdfc43dc037fd5768697bc87dce2632b55
Author: Wanshui Yu <yu.wanshui@utexas.edu>
Date:   Tue Oct 18 21:21:44 2016 -0500

    updated layout and makefile

commit a22259ff80249e66071722905f87a3b733c706b1
Author: Wanshui Yu <yu.wanshui@utexas.edu>
Date:   Tue Oct 18 21:21:44 2016 -0500

    updated layout and makefile

commit a64312a1c2e20be879c0c03a8cbbda8b16c6c849
Author: Wanshui Yu <yu.wanshui@utexas.edu>
Date:   Tue Oct 18 21:20:35 2016 -0500

    updated layout references

commit 6bff555ada2ade9da7672539e855ca33e5cc2387
Author: Wanshui Yu <yu.wanshui@utexas.edu>
Date:   Tue Oct 18 21:20:35 2016 -0500

    updated layout references

commit a2b8a85bc0ac1faa2bfe1e86fb5d2a0cfb3dd57b
Author: Wanshui Yu <yu.wanshui@utexas.edu>
Date:   Tue Oct 18 21:19:29 2016 -0500

    Updated files

commit 6b9df47ff511a65840acfb83ac145cc909f3188b
Author: Wanshui Yu <yu.wanshui@utexas.edu>
Date:   Tue Oct 18 21:19:29 2016 -0500

    Updated files

commit be4072e03ff099eb040e364c3b8269175bef79fa
Merge: 22a567c d9587bc
Author: Wanshui Yu <yu.wanshui@utexas.edu>
Date:   Tue Oct 18 21:16:00 2016 -0500

    Updated files

commit 0386f2dc1da60570c3eede92d8c69484a371c973
Merge: 9fab210 0f622c9
Author: Wanshui Yu <yu.wanshui@utexas.edu>
Date:   Tue Oct 18 21:16:00 2016 -0500

    Updated files

commit dec588776e2a91e97125ed30fcec4460eb1942a0
Author: jc <ace-jc@users.noreply.github.com>
Date:   Tue Oct 18 21:04:01 2016 -0500

    updating ethnicity data again

commit 22a567c3292103e3ba7f113905da95dae2d900a1
Author: Wanshui Yu <yu.wanshui@utexas.edu>
Date:   Tue Oct 18 20:59:55 2016 -0500

    Updated files

commit 9fab210294d576af9e73fc8b53f8a04897e654df
Author: Wanshui Yu <yu.wanshui@utexas.edu>
Date:   Tue Oct 18 20:59:55 2016 -0500

    Updated files

commit d9587bc36f820c84bed0289c8aa890e122bc46bf
Author: Matthew Xavier <mxavier6@cs.utexas.edu>
Date:   Tue Oct 18 20:57:27 2016 -0500

    Update app.py

commit 0f622c9cd392586c96fb2d9fd10964e5c79b49e7
Author: Matthew Xavier <mxavier6@cs.utexas.edu>
Date:   Tue Oct 18 20:57:27 2016 -0500

    Update app.py

commit b32c9e408be3251e05e1599ee533f1665a3bc501
Author: ninean <yu.wanshui@utexas.edu>
Date:   Tue Oct 18 20:44:10 2016 -0500

    Update about.html

commit 011c98086a1220e4379cc57364cca6565ad5cacb
Author: ninean <yu.wanshui@utexas.edu>
Date:   Tue Oct 18 20:44:10 2016 -0500

    Update about.html

commit f7544a3e53eeaf1dcc62c9455b923947168513ae
Author: ninean <yu.wanshui@utexas.edu>
Date:   Tue Oct 18 20:43:46 2016 -0500

    Update UVMain.html

commit cdf83927d30dbcf9959bc3180c7b4d7a9904ef31
Author: ninean <yu.wanshui@utexas.edu>
Date:   Tue Oct 18 20:43:46 2016 -0500

    Update UVMain.html

commit c76e0e5226b9bc39196ba5ae453879620e658a1d
Author: ninean <yu.wanshui@utexas.edu>
Date:   Tue Oct 18 20:43:34 2016 -0500

    Update UTAustin.html

commit 2da3904feba2cadc604dd83247408b6fe51217f0
Author: ninean <yu.wanshui@utexas.edu>
Date:   Tue Oct 18 20:43:34 2016 -0500

    Update UTAustin.html

commit 25a2ffa6c7e6555ff795824d0f63fa3181444ac0
Author: ninean <yu.wanshui@utexas.edu>
Date:   Tue Oct 18 20:43:20 2016 -0500

    Update USC.html

commit c987bfb9368a9ed46d45325d33adaf4c8d7637eb
Author: ninean <yu.wanshui@utexas.edu>
Date:   Tue Oct 18 20:43:20 2016 -0500

    Update USC.html

commit c6defc4f1d0df51a4d308a5a73c6778f9f24f59b
Author: ninean <yu.wanshui@utexas.edu>
Date:   Tue Oct 18 20:43:01 2016 -0500

    Update LosAngeles.html

commit 0fa6c2d63a5bda2a6b975bf9eb6f9fe62a09a851
Author: ninean <yu.wanshui@utexas.edu>
Date:   Tue Oct 18 20:43:01 2016 -0500

    Update LosAngeles.html

commit 3099c276c9b7530a5903b442b1b3919a471680b7
Author: ninean <yu.wanshui@utexas.edu>
Date:   Tue Oct 18 20:42:47 2016 -0500

    Update Charlottesville.html

commit a29015f65c3f1cdfe2a516bce406d9b89b643ffb
Author: ninean <yu.wanshui@utexas.edu>
Date:   Tue Oct 18 20:42:47 2016 -0500

    Update Charlottesville.html

commit 9119969acd6cb9eea195cc8ce01a707bebc17a44
Author: ninean <yu.wanshui@utexas.edu>
Date:   Tue Oct 18 20:42:35 2016 -0500

    Update Austin.html

commit 8af8df113ad2af906385287e7324bf6cb1d1c93f
Author: ninean <yu.wanshui@utexas.edu>
Date:   Tue Oct 18 20:42:35 2016 -0500

    Update Austin.html

commit 8a2b2f9ca634036c694b2397ce3fdb7e1d904f9e
Author: ninean <yu.wanshui@utexas.edu>
Date:   Tue Oct 18 20:40:08 2016 -0500

    Update socialsciences.html

commit 62bbcef19ede4f0061786adc45d18b5cd9eb12c3
Author: ninean <yu.wanshui@utexas.edu>
Date:   Tue Oct 18 20:40:08 2016 -0500

    Update socialsciences.html

commit ad0af4638e195a753c07d62143ab210732098a1c
Author: ninean <yu.wanshui@utexas.edu>
Date:   Tue Oct 18 20:39:50 2016 -0500

    Update journalism.html

commit df995a4423729a2f98af1a936a99bdae1157ca69
Author: ninean <yu.wanshui@utexas.edu>
Date:   Tue Oct 18 20:39:50 2016 -0500

    Update journalism.html

commit f3cfc7dfa676665d09851eedf75d9b42493ac9f5
Author: ninean <yu.wanshui@utexas.edu>
Date:   Tue Oct 18 20:39:36 2016 -0500

    Update engineering.html

commit 8c4330f4550e2a0eb7df11abbdee3d1fcc58738a
Author: ninean <yu.wanshui@utexas.edu>
Date:   Tue Oct 18 20:39:36 2016 -0500

    Update engineering.html

commit 8bb9db6bff224c87ce00a9a2a4a6aa892e1d2ec8
Author: ninean <yu.wanshui@utexas.edu>
Date:   Tue Oct 18 20:39:19 2016 -0500

    Update app.py

commit c510ba99208b389ab314f66739fdfa0cb5f06e8b
Author: ninean <yu.wanshui@utexas.edu>
Date:   Tue Oct 18 20:39:19 2016 -0500

    Update app.py

commit 9c2153c3cfbd39e1051583ddb48a385e76450697
Author: jc <ace-jc@users.noreply.github.com>
Date:   Tue Oct 18 20:36:21 2016 -0500

    updating ethnicity data

commit 27ba456cb0b41509de5ea8a51f9d6d04cf5c9abb
Author: mxavier6 <matthewxavier95@gmail.com>
Date:   Tue Oct 18 20:32:34 2016 -0500

    Updated files

commit 2ac9f1b7431a59bd7a2591547908300914979f82
Author: mxavier6 <matthewxavier95@gmail.com>
Date:   Tue Oct 18 20:32:34 2016 -0500

    Updated files

commit 47fab859a4b488557006548c961969c73c59b542
Author: JiYoung Min <jymin94@gmail.com>
Date:   Tue Oct 18 20:29:44 2016 -0500

    Transferring API Description file from Apiary.io

commit d4106aba3d3716fd057bc99050bcad09b9c384f0
Author: Wanshui Yu <yu.wanshui@utexas.edu>
Date:   Tue Oct 18 20:26:00 2016 -0500

    Updated files

commit 4ced68271a5d39e3a98fa568e8abdc41e0648b1d
Author: Wanshui Yu <yu.wanshui@utexas.edu>
Date:   Tue Oct 18 20:26:00 2016 -0500

    Updated files

commit 637471f311fe30d5119cae03a1d59e5a4889a6f1
Author: mxavier6 <matthewxavier95@gmail.com>
Date:   Tue Oct 18 20:23:38 2016 -0500

    Updated files

commit 689c82b4f73a6334b3e8e597d937b099f8678b40
Author: mxavier6 <matthewxavier95@gmail.com>
Date:   Tue Oct 18 20:23:38 2016 -0500

    Updated files

commit a80fa0a0b617a3094a6b5db7d7cdba25f97f02fc
Author: mxavier6 <matthewxavier95@gmail.com>
Date:   Tue Oct 18 20:20:15 2016 -0500

    Updated files

commit c487af2ebe8d0cb9b7c8b38b7200a3bb23a53284
Author: mxavier6 <matthewxavier95@gmail.com>
Date:   Tue Oct 18 20:20:15 2016 -0500

    Updated files

commit 34ad41eaf6982e19134dd34d834fbf9939787ed8
Author: jc <ace-jc@users.noreply.github.com>
Date:   Tue Oct 18 20:17:23 2016 -0500

    updating major data

commit 061a433f64cbe0f937789511473817d38df99ba7
Author: jc <ace-jc@users.noreply.github.com>
Date:   Tue Oct 18 20:12:22 2016 -0500

    updating city data

commit f7778876922962747b2d918b865761852c88ed31
Author: mxavier6 <matthewxavier95@gmail.com>
Date:   Tue Oct 18 20:11:09 2016 -0500

    Updated files

commit 1166526ddf1450dd9a010783246d4138d6d1b182
Author: mxavier6 <matthewxavier95@gmail.com>
Date:   Tue Oct 18 20:11:09 2016 -0500

    Updated files

commit b1eedb716f6eaebb5e6154a4b26e527de9d4210b
Author: jc <ace-jc@users.noreply.github.com>
Date:   Tue Oct 18 20:08:41 2016 -0500

    updating university data

commit 16c90db71c39058c28d7b998c93217f58cea8191
Author: mxavier6 <matthewxavier95@gmail.com>
Date:   Tue Oct 18 20:03:37 2016 -0500

    Updated files

commit 56ccc4b7a49f5f4e0a7928e7daa0a68cd1e30ac8
Author: mxavier6 <matthewxavier95@gmail.com>
Date:   Tue Oct 18 20:03:37 2016 -0500

    Updated files

commit 46d555f43b1a77d8149b5cb687e5c1280241ee7c
Author: Joaquin I Casaubon <ace-jc@users.noreply.github.com>
Date:   Tue Oct 18 19:55:28 2016 -0500

    saving dummy data

commit a329e3be1e192b5f5531d4fd105cb8bfdd975577
Merge: c2d2dff 9d1e2a6
Author: EC2 Default User <ec2-user@ip-172-31-21-227.us-west-2.compute.internal>
Date:   Wed Oct 19 00:36:54 2016 +0000

    Updated files

commit d12f41ad23206df17e9a26f1faa77d51bf0287c4
Merge: a5a686e 9d1e2a6
Author: EC2 Default User <ec2-user@ip-172-31-21-227.us-west-2.compute.internal>
Date:   Wed Oct 19 00:36:54 2016 +0000

    Updated files

commit 9d1e2a65febe31c83cc97e860e7f7b366a663256
Author: mxavier6 <matthewxavier95@gmail.com>
Date:   Tue Oct 18 19:35:03 2016 -0500

    Updated files

commit c2d2dff1aece68408d1421d4c252d52ad02edc9a
Author: Wanshui Yu <yu.wanshui@utexas.edu>
Date:   Tue Oct 18 19:26:28 2016 -0500

    Updated files

commit a5a686e8d42de429c994939442f8e146b2acfed0
Author: Wanshui Yu <yu.wanshui@utexas.edu>
Date:   Tue Oct 18 19:26:28 2016 -0500

    Updated files

commit 2fcca9918a81c6e1c643c56f1d1f18bb522d0db9
Author: Brandon Dang <budang@cs.utexas.edu>
Date:   Tue Oct 18 19:24:15 2016 -0500

    Updated UML and worked on models.py

commit 247cdbe7cb2535e8d6f48eb1945eacee41160b9d
Merge: ca0022c 8360fe8
Author: Wanshui Yu <yu.wanshui@utexas.edu>
Date:   Tue Oct 18 19:16:06 2016 -0500

    changed app.py

commit 55c6a0a1920f0c91dd3b5fbdcd15e695aaa3d494
Merge: 83469fc 8e6e872
Author: Wanshui Yu <yu.wanshui@utexas.edu>
Date:   Tue Oct 18 19:16:06 2016 -0500

    changed app.py

commit 8360fe848770ee8e878336e7521b0f20c5028023
Author: mxavier6 <matthewxavier95@gmail.com>
Date:   Tue Oct 18 19:09:58 2016 -0500

    Updated files

commit 8e6e87206702e39aef4ba3d2ef718700b2d1b072
Author: mxavier6 <matthewxavier95@gmail.com>
Date:   Tue Oct 18 19:09:58 2016 -0500

    Updated files

commit 1fbce14c99fbe9586a866293a663fb155f706e1f
Author: mxavier6 <matthewxavier95@gmail.com>
Date:   Tue Oct 18 19:05:12 2016 -0500

    Update

commit fc23b68d47bf860ac3f5173ce6499b0e6f16c867
Author: mxavier6 <matthewxavier95@gmail.com>
Date:   Tue Oct 18 19:05:12 2016 -0500

    Update

commit 212b3d134c2b79ede5dbb6f821ecf01a06e1bdf7
Merge: 46c5dc8 3fa7211
Author: mxavier6 <matthewxavier95@gmail.com>
Date:   Tue Oct 18 19:04:35 2016 -0500

    Merge branch 'frontEnd' of github.com:cs373gc-fall-2016/SouthernWholesomeEducation into frontEnd
    hello

commit a41a19e7a8949376a185f4a7a0f39d2b9717893f
Merge: acaae6a 6fa229b
Author: mxavier6 <matthewxavier95@gmail.com>
Date:   Tue Oct 18 19:04:35 2016 -0500

    Merge branch 'frontEnd' of github.com:cs373gc-fall-2016/SouthernWholesomeEducation into frontEnd
    hello

commit 46c5dc8cf21b63171488633a9c3be58fe1609270
Author: mxavier6 <matthewxavier95@gmail.com>
Date:   Tue Oct 18 19:04:12 2016 -0500

    Updated files

commit acaae6af39f6f9bb62b73c522169c444ccf5e463
Author: mxavier6 <matthewxavier95@gmail.com>
Date:   Tue Oct 18 19:04:12 2016 -0500

    Updated files

commit 3fa72111bb7ac592debdce1389b0a1d2db9f675c
Author: ninean <yu.wanshui@utexas.edu>
Date:   Tue Oct 18 19:03:54 2016 -0500

    Update Austin.html

commit 6fa229bbb770311836d3718d13f7674ce2f5209d
Author: ninean <yu.wanshui@utexas.edu>
Date:   Tue Oct 18 19:03:54 2016 -0500

    Update Austin.html

commit b8eac95496d1d041f5b6b8b0ace7323a9c8f25ac
Merge: 0a76de0 25b1657
Author: mxavier6 <matthewxavier95@gmail.com>
Date:   Tue Oct 18 19:03:47 2016 -0500

    Merge branch 'frontEnd' of github.com:cs373gc-fall-2016/SouthernWholesomeEducation into frontEnd

commit ee1797a12d256fdbe3d00a1d89b62803fa90f9c6
Merge: 444c037 597c9f0
Author: mxavier6 <matthewxavier95@gmail.com>
Date:   Tue Oct 18 19:03:47 2016 -0500

    Merge branch 'frontEnd' of github.com:cs373gc-fall-2016/SouthernWholesomeEducation into frontEnd

commit 0a76de0fa8dc57f7fa4c331bf6a51ad63b433138
Author: mxavier6 <matthewxavier95@gmail.com>
Date:   Tue Oct 18 19:03:27 2016 -0500

    Updated changes

commit 444c0374ce885f5f75faae4025a8ca526af2c922
Author: mxavier6 <matthewxavier95@gmail.com>
Date:   Tue Oct 18 19:03:27 2016 -0500

    Updated changes

commit 25b1657f1560a2760c777daeffd00c73cc882054
Author: ninean <yu.wanshui@utexas.edu>
Date:   Tue Oct 18 19:03:22 2016 -0500

    added city details

commit 597c9f04a4b492365c2355a8abe9dd331382c519
Author: ninean <yu.wanshui@utexas.edu>
Date:   Tue Oct 18 19:03:22 2016 -0500

    added city details

commit c483e7f662c1c00c8cf0bf014cd21b12cb640f62
Author: mxavier6 <matthewxavier95@gmail.com>
Date:   Tue Oct 18 19:00:36 2016 -0500

    Updated files

commit 17515c74a1b6497e6754786e596a58610268533c
Author: mxavier6 <matthewxavier95@gmail.com>
Date:   Tue Oct 18 19:00:36 2016 -0500

    Updated files

commit ba406d0c2f6475b2d52583d22c6f8fbd9a40e0bf
Author: ninean <yu.wanshui@utexas.edu>
Date:   Tue Oct 18 18:57:29 2016 -0500

    Update city.html

commit 7853441907010d171bdbcb95ec39f9bec79af916
Author: ninean <yu.wanshui@utexas.edu>
Date:   Tue Oct 18 18:57:29 2016 -0500

    Update city.html

commit c4398ac2f1be4000695563bdf536c517d36804e3
Author: JiYoung Min <jymin94@gmail.com>
Date:   Tue Oct 18 18:53:38 2016 -0500

    Transferring API Description file from Apiary.io

commit ca0022ca60d4582e5ce18c5e4cb30adb2d223146
Merge: a9d1b7c ab714d3
Author: Wanshui Yu <yu.wanshui@utexas.edu>
Date:   Tue Oct 18 18:51:14 2016 -0500

    Merge branch 'frontEnd' of https://github.com/cs373gc-fall-2016/SouthernWholesomeEducation into frontEnd

commit 83469fc7b6cee82d88d820977578fa057c0b49db
Merge: a9d1b7c 96664b4
Author: Wanshui Yu <yu.wanshui@utexas.edu>
Date:   Tue Oct 18 18:51:14 2016 -0500

    Merge branch 'frontEnd' of https://github.com/cs373gc-fall-2016/SouthernWholesomeEducation into frontEnd

commit ab714d33cb176f33a4cb51ab751abcd71f935f5e
Author: ninean <yu.wanshui@utexas.edu>
Date:   Tue Oct 18 18:50:32 2016 -0500

    Add files via upload

commit 96664b44908bf9ac1b15cea12591e0dad95e8834
Author: ninean <yu.wanshui@utexas.edu>
Date:   Tue Oct 18 18:50:32 2016 -0500

    Add files via upload

commit e915c4fee6aed310dae4214900acb88b6f3553b3
Author: mxavier6 <matthewxavier95@gmail.com>
Date:   Tue Oct 18 18:49:43 2016 -0500

    Updated makefile

commit f70a8fde9bc4b647aebaa97933a2447bb6aaaac0
Author: mxavier6 <matthewxavier95@gmail.com>
Date:   Tue Oct 18 18:49:43 2016 -0500

    Updated makefile

commit c83ccbd05bafc61d135ddc60fdb8fed526054dfd
Author: mxavier6 <matthewxavier95@gmail.com>
Date:   Tue Oct 18 18:48:19 2016 -0500

    Updated files

commit 6aabe208a0fb61219e9889aea9cc9507af468235
Author: mxavier6 <matthewxavier95@gmail.com>
Date:   Tue Oct 18 18:48:19 2016 -0500

    Updated files

commit a9d1b7c80b6077bc6f366e0dfb3685cdf2d7683d
Author: Wanshui Yu <yu.wanshui@utexas.edu>
Date:   Tue Oct 18 18:43:26 2016 -0500

    changes

commit 6dc71271d15136b003f82f1b45177930f381be02
Author: Wanshui Yu <yu.wanshui@utexas.edu>
Date:   Tue Oct 18 18:40:38 2016 -0500

    changes

commit e7badaafc11e0fff036e3a5e5bacf8b9815509aa
Author: EC2 Default User <ec2-user@ip-172-31-21-227.us-west-2.compute.internal>
Date:   Tue Oct 18 23:40:31 2016 +0000

    Updated makefile

commit e99293dd24171e9ea75fc2ad026905596b0da7b1
Author: EC2 Default User <ec2-user@ip-172-31-21-227.us-west-2.compute.internal>
Date:   Tue Oct 18 23:40:31 2016 +0000

    Updated makefile

commit 79abe84b8c7af54e0985684194fa3eaa58e3f4f4
Author: EC2 Default User <ec2-user@ip-172-31-21-227.us-west-2.compute.internal>
Date:   Tue Oct 18 23:37:47 2016 +0000

    Updated makefile

commit 40067493be37ab9db7f3eca1bb128a1afe79f96a
Author: EC2 Default User <ec2-user@ip-172-31-21-227.us-west-2.compute.internal>
Date:   Tue Oct 18 23:37:47 2016 +0000

    Updated makefile

commit 72b49d93960950657fe8ed6783a3ec4480d6ccee
Author: EC2 Default User <ec2-user@ip-172-31-21-227.us-west-2.compute.internal>
Date:   Tue Oct 18 23:35:05 2016 +0000

    Updated makefile

commit 620d7e8ccf964eac0bf55e832d93a05db8aa9357
Author: EC2 Default User <ec2-user@ip-172-31-21-227.us-west-2.compute.internal>
Date:   Tue Oct 18 23:35:05 2016 +0000

    Updated makefile

commit 1bc9a252a2faf75dd52247eb7de9dadae29d77c5
Author: EC2 Default User <ec2-user@ip-172-31-21-227.us-west-2.compute.internal>
Date:   Tue Oct 18 23:34:10 2016 +0000

    Updated stuff

commit 1a0e6ec9c5e0da24b7452f770d85a428900017b2
Author: EC2 Default User <ec2-user@ip-172-31-21-227.us-west-2.compute.internal>
Date:   Tue Oct 18 23:34:10 2016 +0000

    Updated stuff

commit 9b7f552a3c977d4afaa6f37f8a48d45bba6e97e4
Author: Wanshui Yu <yu.wanshui@utexas.edu>
Date:   Tue Oct 18 18:27:21 2016 -0500

    initial detail page linking

commit e70cae96c865e6a7aca5cd730f705daca635b518
Author: Wanshui Yu <yu.wanshui@utexas.edu>
Date:   Tue Oct 18 18:21:24 2016 -0500

    testing layout.html

commit 7e9b005cf2c957bada3b4d960b5bd31c833ba592
Author: Brandon Dang <budang@cs.utexas.edu>
Date:   Tue Oct 18 18:10:26 2016 -0500

    Added UML image, moved temp models to projects/models.py

commit 6cd8e917c6b981571d2c2fe2d3df5292f61b5dfe
Author: Wanshui Yu <yu.wanshui@utexas.edu>
Date:   Tue Oct 18 17:54:54 2016 -0500

    added / back to app.py

commit a319b570384c779f468434564b347f91edce9498
Author: Wanshui Yu <yu.wanshui@utexas.edu>
Date:   Tue Oct 18 17:48:50 2016 -0500

    inital front end changes

commit b527f860f102f8c0b917a743482f108a5a140fc2
Author: EC2 Default User <ec2-user@ip-172-31-21-227.us-west-2.compute.internal>
Date:   Tue Oct 18 22:43:09 2016 +0000

    Updated stuff

commit cb2da4ce99f1d6d2f11fa6412b4b44e3b0f8ef41
Author: Michael Volk <mjv732@cs.utexas.edu>
Date:   Tue Oct 18 17:36:23 2016 -0500

    updated dummy data

commit 76b8df20806e74e31724bf0b91b0bb874ea58f8b
Author: Michael Volk <mjv732@cs.utexas.edu>
Date:   Tue Oct 18 17:16:56 2016 -0500

    changed industry pillar to ethnicity

commit f84a65106ba6bf92d03e294467ba813458c556ea
Author: ace-jc <ace-jc@users.noreply.github.com>
Date:   Tue Oct 18 13:40:45 2016 -0500

    idea

commit 81610049836a7baad7cdeebe0bef2702d3ebf0df
Author: Matthew Xavier <mxavier6@cs.utexas.edu>
Date:   Tue Oct 18 01:43:13 2016 -0500

    Add files via upload

commit 57f3eb4a05942b8332a114d4210cf0fa65c1da21
Author: EC2 Default User <ec2-user@ip-172-31-21-227.us-west-2.compute.internal>
Date:   Tue Oct 18 02:50:59 2016 +0000

    Fixed hrefs

commit c2e8a30e41e0318c52ef474b4bdd47c8addbf069
Author: ace-jc <ace-jc@users.noreply.github.com>
Date:   Mon Oct 17 21:46:23 2016 -0500

    more models

commit 5bf98445dccee824df30d2bad67bdd038dd6bf23
Merge: 9239e2e 70c9bfc
Author: EC2 Default User <ec2-user@ip-172-31-21-227.us-west-2.compute.internal>
Date:   Tue Oct 18 01:52:17 2016 +0000

    Merge branch 'phaseOne' of https://github.com/cs373gc-fall-2016/SouthernWholesomeEducation into frontEnd

commit 70c9bfcf43a286b5e4c39ff506a9d3562ea1a4cf
Merge: a5cb527 bdf70c3
Author: EC2 Default User <ec2-user@ip-172-31-21-227.us-west-2.compute.internal>
Date:   Tue Oct 18 01:51:02 2016 +0000

    Merge branch 'phaseOne' of https://github.com/cs373gc-fall-2016/SouthernWholesomeEducation into phaseOne

commit a5cb52775f9c1b05b0cec62069115d42c2a9230a
Author: EC2 Default User <ec2-user@ip-172-31-21-227.us-west-2.compute.internal>
Date:   Tue Oct 18 01:49:54 2016 +0000

    Updated app.py

commit 9239e2e64ce760e90fdc9f84aa0a356f0da5fc6a
Author: Brandon Dang <budang@cs.utexas.edu>
Date:   Mon Oct 17 18:14:51 2016 -0500

    Fixing header

commit 036b24e56e5a0dd315aebec900c4fe7a8bb0f8e5
Merge: ef5c6c3 bdf70c3
Author: Brandon Dang <budang@cs.utexas.edu>
Date:   Mon Oct 17 18:08:25 2016 -0500

    Merge branch 'phaseOne' of https://github.com/cs373gc-fall-2016/SouthernWholesomeEducation into frontEnd

commit bdf70c38d0f00d6b1d88ec6bcaae8692ed79ce56
Author: Brandon Dang <budang@cs.utexas.edu>
Date:   Mon Oct 17 18:08:05 2016 -0500

    Updating 'update' command

commit ef5c6c35e51a0cf3e6766b477c8fdcb02e94d766
Author: Brandon Dang <budang@cs.utexas.edu>
Date:   Mon Oct 17 18:03:54 2016 -0500

    Fixing an address

commit e641eef816946b862865cb980f17c47801194219
Author: Brandon Dang <budang@cs.utexas.edu>
Date:   Mon Oct 17 18:01:46 2016 -0500

    Adding HTML pages and cleaning up code

commit 3e1f8ac8b999eb34cf9af9e5e268b85bb041c7ed
Author: Brandon Dang <budang@cs.utexas.edu>
Date:   Mon Oct 17 17:28:51 2016 -0500

    Organizing project structure and adding makefile commands

commit bdc7b5b3867242272df628f48a271ae4e0dcb12a
Author: Wanshui Yu <yu.wanshui@utexas.edu>
Date:   Mon Oct 17 16:42:07 2016 -0500

    Added base html files

commit 6983f559db7ccd268aa3fa010209ee4af82acb3e
Author: ace-jc <ace-jc@users.noreply.github.com>
Date:   Mon Oct 17 13:49:46 2016 -0500

    more notes

commit 63d6bac006291a99b831a9c0933f5f94fbfa4a10
Author: ace-jc <ace-jc@users.noreply.github.com>
Date:   Sun Oct 16 17:57:26 2016 -0500

    dummy data version 0.51

commit 5e57e40de3987597121245818d6359321cada4eb
Author: ace-jc <ace-jc@users.noreply.github.com>
Date:   Sun Oct 16 17:24:07 2016 -0500

    dummy data version 0.5

commit 4c76fcf72feb3925fb17407ed636935306d9e673
Author: ace-jc <ace-jc@users.noreply.github.com>
Date:   Sun Oct 16 15:42:53 2016 -0500

    updated readme

commit 4b3d79cf0544330cb97f2530d4ff40d9df170117
Author: Brandon Dang <budang@cs.utexas.edu>
Date:   Sun Oct 16 13:03:15 2016 -0500

    Init commit
