university.html
about.html
index.html
about.html
university.html
city.html
major.html
industry.html
major.html
university.html
city.html
index.html
about.html
index.html
index.html
about.html
university.html
city.html
major.html
industry.html
industry.html
industry.html
industry.html
industry.html
industry.html
industry.html
industry.html
industry.html
about.html
index.html
industry.html
index.html
about.html
university.html
city.html
city.html
city.html
index.html
index.html
index.html
about.html
university.html
university.html
university.html
university.html
index.html
index.html
about.html
university.html
city.html
major.html
industry.html
index.html
index.html
about.html
university.html
city.html
industry.html
major.html
city.html
university.html
about.html
about.html
university.html
city.html
major.html
industry.html
index.html
index.html
index.html
about.html
university.html
city.html
major.html
industry.html
index.html
industry.html
major.html
city.html
university.html
about.html
index.html
index.html
index.html
index.html
index.html
index.html
about.html
university.html
city.html
major.html
industry.html
city.html
university.html
index.html
index.html
about.html
university.html
city.html
major.html
industry.html
major.html
city.html
university.html
university.html
industry.html
major.html
city.html
index.html
index.html
index.html
about.html
university.html
city.html
major.html
industry.html
industry.html
industry.html
index.html
about.html
university.html
city.html
major.html
index.html
index.html
university.html
city.html
major.html
industry.html
index.html
index.html
about.html
university.html
about.html
university.html
industry.html
about.html
university.html
city.html
major.html
industry.html
index.html
major.html
industry.html
city.html
university.html
about.html
index.html
index.html
index.html
university.html
city.html
index.html
about.html
university.html
major.html
industry.html
about.html
index.html
index.html
index.html
about.html
city.html
major.html
city.html
industry.html
index.html
index.html
about.html
city.html
major.html
university.html
about.html
index.html
index.html
about.html
university.html
university.html
index.html
index.html
about.html
index.html
index.html
city.html
major.html
industry.html
university.html
about.html
about.html
index.html
about.html
university.html
major.html
industry.html
about.html
major.html
city.html
university.html
about.html
index.html
index.html
about.html
university.html
university.html
major.html
city.html
university.html
index.html
index.html
about.html
university.html
city.html
industry.html
industry.html
city.html
index.html
index.html
index.html
about.html
city.html
major.html
industry.html
major.html
city.html
about.html
index.html
about.html
university.html
city.html
major.html
industry.html
index.html
index.html
about.html
university.html
city.html
index.html
index.html
about.html
index.html
index.html
index.html
index.html
index.html
index.html
index.html
index.html
index.html
index.html
index.html
index.html
major.html
city.html
about.html
university.html
university.html
about.html
index.html
