2016-10-18 08:20:31,799 CRIT Supervisor running as root (no user in config file)
2016-10-18 08:20:31,807 INFO RPC interface 'supervisor' initialized
2016-10-18 08:20:31,807 CRIT Server 'inet_http_server' running without any HTTP authentication checking
2016-10-18 08:20:31,808 INFO daemonizing the supervisord process
2016-10-18 08:20:31,809 INFO supervisord started with pid 26497
2016-10-18 08:20:32,810 INFO spawnerr: can't find command 'gunicorn'
2016-10-18 08:20:33,812 INFO spawnerr: can't find command 'gunicorn'
2016-10-18 08:20:35,815 INFO spawnerr: can't find command 'gunicorn'
2016-10-18 08:20:38,819 INFO spawnerr: can't find command 'gunicorn'
2016-10-18 08:20:38,819 INFO gave up: flask_server entered FATAL state, too many start retries too quickly
2016-10-18 08:24:55,647 CRIT Supervisor running as root (no user in config file)
2016-10-18 08:25:25,905 WARN received SIGTERM indicating exit request
2016-10-18 08:25:29,608 CRIT Supervisor running as root (no user in config file)
2016-10-18 08:25:29,615 INFO RPC interface 'supervisor' initialized
2016-10-18 08:25:29,615 CRIT Server 'inet_http_server' running without any HTTP authentication checking
2016-10-18 08:25:29,617 INFO daemonizing the supervisord process
2016-10-18 08:25:29,617 INFO supervisord started with pid 26525
2016-10-18 08:25:30,619 INFO spawnerr: can't find command 'gunicorn'
2016-10-18 08:25:31,620 INFO spawnerr: can't find command 'gunicorn'
2016-10-18 08:25:33,623 INFO spawnerr: can't find command 'gunicorn'
2016-10-18 08:25:36,627 INFO spawnerr: can't find command 'gunicorn'
2016-10-18 08:25:36,627 INFO gave up: flask_server entered FATAL state, too many start retries too quickly
2016-10-18 08:27:47,012 CRIT Supervisor running as root (no user in config file)
2016-10-18 08:27:58,470 WARN received SIGTERM indicating exit request
2016-10-18 08:28:00,605 CRIT Supervisor running as root (no user in config file)
2016-10-18 08:28:00,612 INFO RPC interface 'supervisor' initialized
2016-10-18 08:28:00,612 CRIT Server 'inet_http_server' running without any HTTP authentication checking
2016-10-18 08:28:00,614 INFO daemonizing the supervisord process
2016-10-18 08:28:00,614 INFO supervisord started with pid 26548
2016-10-18 08:28:01,616 INFO spawnerr: can't find command 'gunicorn'
2016-10-18 08:28:02,617 INFO spawnerr: can't find command 'gunicorn'
2016-10-18 08:28:04,620 INFO spawnerr: can't find command 'gunicorn'
2016-10-18 08:28:07,624 INFO spawnerr: can't find command 'gunicorn'
2016-10-18 08:28:07,624 INFO gave up: flask_server entered FATAL state, too many start retries too quickly
2016-10-18 08:41:27,435 WARN received SIGTERM indicating exit request
2016-10-18 08:43:04,794 CRIT Supervisor running as root (no user in config file)
2016-10-18 08:43:04,801 INFO RPC interface 'supervisor' initialized
2016-10-18 08:43:04,801 CRIT Server 'inet_http_server' running without any HTTP authentication checking
2016-10-18 08:43:04,803 INFO daemonizing the supervisord process
2016-10-18 08:43:04,803 INFO supervisord started with pid 26613
2016-10-18 08:43:05,805 INFO spawnerr: can't find command 'gunicorn'
2016-10-18 08:43:06,806 INFO spawnerr: can't find command 'gunicorn'
2016-10-18 08:43:08,809 INFO spawnerr: can't find command 'gunicorn'
2016-10-18 08:43:12,665 INFO spawnerr: can't find command 'gunicorn'
2016-10-18 08:43:12,665 INFO gave up: flask_server entered FATAL state, too many start retries too quickly
2016-10-18 08:46:49,656 WARN received SIGTERM indicating exit request
2016-10-18 08:46:56,404 CRIT Supervisor running as root (no user in config file)
2016-10-18 08:46:56,410 INFO RPC interface 'supervisor' initialized
2016-10-18 08:46:56,410 CRIT Server 'inet_http_server' running without any HTTP authentication checking
2016-10-18 08:46:56,412 INFO daemonizing the supervisord process
2016-10-18 08:46:56,412 INFO supervisord started with pid 26672
2016-10-18 08:46:57,415 INFO spawned: 'flask_server' with pid 26673
2016-10-18 08:46:58,572 INFO success: flask_server entered RUNNING state, process has stayed up for > than 1 seconds (startsecs)
2016-10-18 08:47:02,599 INFO exited: flask_server (exit status 1; not expected)
2016-10-18 08:47:03,601 INFO spawned: 'flask_server' with pid 26680
2016-10-18 08:47:04,758 INFO success: flask_server entered RUNNING state, process has stayed up for > than 1 seconds (startsecs)
2016-10-18 08:47:08,785 INFO exited: flask_server (exit status 1; not expected)
2016-10-18 08:47:09,787 INFO spawned: 'flask_server' with pid 26683
2016-10-18 08:47:10,943 INFO success: flask_server entered RUNNING state, process has stayed up for > than 1 seconds (startsecs)
2016-10-18 08:47:14,969 INFO exited: flask_server (exit status 1; not expected)
2016-10-18 08:47:15,971 INFO spawned: 'flask_server' with pid 26686
2016-10-18 08:47:17,129 INFO success: flask_server entered RUNNING state, process has stayed up for > than 1 seconds (startsecs)
2016-10-18 08:47:21,157 INFO exited: flask_server (exit status 1; not expected)
2016-10-18 08:47:22,159 INFO spawned: 'flask_server' with pid 26689
2016-10-18 08:47:23,315 INFO success: flask_server entered RUNNING state, process has stayed up for > than 1 seconds (startsecs)
2016-10-18 08:47:27,342 INFO exited: flask_server (exit status 1; not expected)
2016-10-18 08:47:28,344 INFO spawned: 'flask_server' with pid 26692
2016-10-18 08:47:29,498 INFO success: flask_server entered RUNNING state, process has stayed up for > than 1 seconds (startsecs)
2016-10-18 08:47:33,524 INFO exited: flask_server (exit status 1; not expected)
2016-10-18 08:47:34,526 INFO spawned: 'flask_server' with pid 26695
2016-10-18 08:47:35,683 INFO success: flask_server entered RUNNING state, process has stayed up for > than 1 seconds (startsecs)
2016-10-18 08:47:39,710 INFO exited: flask_server (exit status 1; not expected)
2016-10-18 08:47:40,713 INFO spawned: 'flask_server' with pid 26698
2016-10-18 08:47:41,870 INFO success: flask_server entered RUNNING state, process has stayed up for > than 1 seconds (startsecs)
2016-10-18 08:47:45,896 INFO exited: flask_server (exit status 1; not expected)
2016-10-18 08:47:46,899 INFO spawned: 'flask_server' with pid 26701
2016-10-18 08:47:48,053 INFO success: flask_server entered RUNNING state, process has stayed up for > than 1 seconds (startsecs)
2016-10-18 08:47:52,080 INFO exited: flask_server (exit status 1; not expected)
2016-10-18 08:47:53,083 INFO spawned: 'flask_server' with pid 26704
2016-10-18 08:47:54,238 INFO success: flask_server entered RUNNING state, process has stayed up for > than 1 seconds (startsecs)
2016-10-18 08:47:58,265 INFO exited: flask_server (exit status 1; not expected)
2016-10-18 08:47:59,267 INFO spawned: 'flask_server' with pid 26707
2016-10-18 08:48:00,424 INFO success: flask_server entered RUNNING state, process has stayed up for > than 1 seconds (startsecs)
2016-10-18 08:48:04,451 INFO exited: flask_server (exit status 1; not expected)
2016-10-18 08:48:05,453 INFO spawned: 'flask_server' with pid 26710
2016-10-18 08:48:06,608 INFO success: flask_server entered RUNNING state, process has stayed up for > than 1 seconds (startsecs)
2016-10-18 08:48:10,634 INFO exited: flask_server (exit status 1; not expected)
2016-10-18 08:48:11,636 INFO spawned: 'flask_server' with pid 26713
2016-10-18 08:48:12,790 INFO success: flask_server entered RUNNING state, process has stayed up for > than 1 seconds (startsecs)
2016-10-18 08:48:16,817 INFO exited: flask_server (exit status 1; not expected)
2016-10-18 08:48:17,820 INFO spawned: 'flask_server' with pid 26720
2016-10-18 08:48:18,972 INFO success: flask_server entered RUNNING state, process has stayed up for > than 1 seconds (startsecs)
2016-10-18 08:48:22,999 INFO exited: flask_server (exit status 1; not expected)
2016-10-18 08:48:24,001 INFO spawned: 'flask_server' with pid 26723
2016-10-18 08:48:25,156 INFO success: flask_server entered RUNNING state, process has stayed up for > than 1 seconds (startsecs)
2016-10-18 08:48:29,183 INFO exited: flask_server (exit status 1; not expected)
2016-10-18 08:48:30,185 INFO spawned: 'flask_server' with pid 26730
2016-10-18 08:48:31,340 INFO success: flask_server entered RUNNING state, process has stayed up for > than 1 seconds (startsecs)
2016-10-18 08:48:35,368 INFO exited: flask_server (exit status 1; not expected)
2016-10-18 08:48:36,370 INFO spawned: 'flask_server' with pid 26733
2016-10-18 08:48:37,527 INFO success: flask_server entered RUNNING state, process has stayed up for > than 1 seconds (startsecs)
2016-10-18 08:48:41,554 INFO exited: flask_server (exit status 1; not expected)
2016-10-18 08:48:42,556 INFO spawned: 'flask_server' with pid 26736
2016-10-18 08:48:43,714 INFO success: flask_server entered RUNNING state, process has stayed up for > than 1 seconds (startsecs)
2016-10-18 08:48:47,740 INFO exited: flask_server (exit status 1; not expected)
2016-10-18 08:48:48,743 INFO spawned: 'flask_server' with pid 26740
2016-10-18 08:48:49,896 INFO success: flask_server entered RUNNING state, process has stayed up for > than 1 seconds (startsecs)
2016-10-18 08:48:53,922 INFO exited: flask_server (exit status 1; not expected)
2016-10-18 08:48:54,924 INFO spawned: 'flask_server' with pid 26743
2016-10-18 08:48:56,079 INFO success: flask_server entered RUNNING state, process has stayed up for > than 1 seconds (startsecs)
2016-10-18 08:49:00,106 INFO exited: flask_server (exit status 1; not expected)
2016-10-18 08:49:01,108 INFO spawned: 'flask_server' with pid 26748
2016-10-18 08:49:02,269 INFO success: flask_server entered RUNNING state, process has stayed up for > than 1 seconds (startsecs)
2016-10-18 08:49:06,296 INFO exited: flask_server (exit status 1; not expected)
2016-10-18 08:49:07,299 INFO spawned: 'flask_server' with pid 26751
2016-10-18 08:49:08,462 INFO success: flask_server entered RUNNING state, process has stayed up for > than 1 seconds (startsecs)
2016-10-18 08:49:12,489 INFO exited: flask_server (exit status 1; not expected)
2016-10-18 08:49:13,491 INFO spawned: 'flask_server' with pid 26754
2016-10-18 08:49:14,645 INFO success: flask_server entered RUNNING state, process has stayed up for > than 1 seconds (startsecs)
2016-10-18 08:49:18,671 INFO exited: flask_server (exit status 1; not expected)
2016-10-18 08:49:19,674 INFO spawned: 'flask_server' with pid 26757
2016-10-18 08:49:20,845 INFO success: flask_server entered RUNNING state, process has stayed up for > than 1 seconds (startsecs)
2016-10-18 08:49:24,872 INFO exited: flask_server (exit status 1; not expected)
2016-10-18 08:49:25,875 INFO spawned: 'flask_server' with pid 26760
2016-10-18 08:49:27,032 INFO success: flask_server entered RUNNING state, process has stayed up for > than 1 seconds (startsecs)
2016-10-18 08:49:31,060 INFO exited: flask_server (exit status 1; not expected)
2016-10-18 08:49:32,062 INFO spawned: 'flask_server' with pid 26763
2016-10-18 08:49:33,216 INFO success: flask_server entered RUNNING state, process has stayed up for > than 1 seconds (startsecs)
2016-10-18 08:49:37,244 INFO exited: flask_server (exit status 1; not expected)
2016-10-18 08:49:38,246 INFO spawned: 'flask_server' with pid 26766
2016-10-18 08:49:39,400 INFO success: flask_server entered RUNNING state, process has stayed up for > than 1 seconds (startsecs)
2016-10-18 08:49:43,427 INFO exited: flask_server (exit status 1; not expected)
2016-10-18 08:49:44,430 INFO spawned: 'flask_server' with pid 26769
2016-10-18 08:49:45,588 INFO success: flask_server entered RUNNING state, process has stayed up for > than 1 seconds (startsecs)
2016-10-18 08:49:49,615 INFO exited: flask_server (exit status 1; not expected)
2016-10-18 08:49:50,617 INFO spawned: 'flask_server' with pid 26772
2016-10-18 08:49:51,774 INFO success: flask_server entered RUNNING state, process has stayed up for > than 1 seconds (startsecs)
2016-10-18 08:49:55,801 INFO exited: flask_server (exit status 1; not expected)
2016-10-18 08:49:56,803 INFO spawned: 'flask_server' with pid 26775
2016-10-18 08:49:57,958 INFO success: flask_server entered RUNNING state, process has stayed up for > than 1 seconds (startsecs)
2016-10-18 08:50:01,985 INFO exited: flask_server (exit status 1; not expected)
2016-10-18 08:50:02,988 INFO spawned: 'flask_server' with pid 26778
2016-10-18 08:50:04,144 INFO success: flask_server entered RUNNING state, process has stayed up for > than 1 seconds (startsecs)
2016-10-18 08:50:08,172 INFO exited: flask_server (exit status 1; not expected)
2016-10-18 08:50:09,174 INFO spawned: 'flask_server' with pid 26781
2016-10-18 08:50:10,329 INFO success: flask_server entered RUNNING state, process has stayed up for > than 1 seconds (startsecs)
2016-10-18 08:50:14,356 INFO exited: flask_server (exit status 1; not expected)
2016-10-18 08:50:15,358 INFO spawned: 'flask_server' with pid 26784
2016-10-18 08:50:16,514 INFO success: flask_server entered RUNNING state, process has stayed up for > than 1 seconds (startsecs)
2016-10-18 08:50:20,541 INFO exited: flask_server (exit status 1; not expected)
2016-10-18 08:50:21,544 INFO spawned: 'flask_server' with pid 26787
2016-10-18 08:50:22,698 INFO success: flask_server entered RUNNING state, process has stayed up for > than 1 seconds (startsecs)
2016-10-18 08:50:26,724 INFO exited: flask_server (exit status 1; not expected)
2016-10-18 08:50:27,727 INFO spawned: 'flask_server' with pid 26790
2016-10-18 08:50:28,881 INFO success: flask_server entered RUNNING state, process has stayed up for > than 1 seconds (startsecs)
2016-10-18 08:50:32,908 INFO exited: flask_server (exit status 1; not expected)
2016-10-18 08:50:33,910 INFO spawned: 'flask_server' with pid 26793
2016-10-18 08:50:35,069 INFO success: flask_server entered RUNNING state, process has stayed up for > than 1 seconds (startsecs)
2016-10-18 08:50:39,096 INFO exited: flask_server (exit status 1; not expected)
2016-10-18 08:50:40,099 INFO spawned: 'flask_server' with pid 26800
2016-10-18 08:50:41,257 INFO success: flask_server entered RUNNING state, process has stayed up for > than 1 seconds (startsecs)
2016-10-18 08:50:45,284 INFO exited: flask_server (exit status 1; not expected)
2016-10-18 08:50:46,286 INFO spawned: 'flask_server' with pid 26805
2016-10-18 08:50:47,515 INFO success: flask_server entered RUNNING state, process has stayed up for > than 1 seconds (startsecs)
2016-10-18 08:50:51,541 INFO exited: flask_server (exit status 1; not expected)
2016-10-18 08:50:52,544 INFO spawned: 'flask_server' with pid 26810
2016-10-18 08:50:53,701 INFO success: flask_server entered RUNNING state, process has stayed up for > than 1 seconds (startsecs)
2016-10-18 08:50:57,729 INFO exited: flask_server (exit status 1; not expected)
2016-10-18 08:50:58,731 INFO spawned: 'flask_server' with pid 26813
2016-10-18 08:50:59,886 INFO success: flask_server entered RUNNING state, process has stayed up for > than 1 seconds (startsecs)
2016-10-18 08:51:03,913 INFO exited: flask_server (exit status 1; not expected)
2016-10-18 08:51:04,916 INFO spawned: 'flask_server' with pid 26816
2016-10-18 08:51:06,072 INFO success: flask_server entered RUNNING state, process has stayed up for > than 1 seconds (startsecs)
2016-10-18 08:51:10,099 INFO exited: flask_server (exit status 1; not expected)
2016-10-18 08:51:11,102 INFO spawned: 'flask_server' with pid 26819
2016-10-18 08:51:12,261 INFO success: flask_server entered RUNNING state, process has stayed up for > than 1 seconds (startsecs)
2016-10-18 08:51:16,288 INFO exited: flask_server (exit status 1; not expected)
2016-10-18 08:51:17,290 INFO spawned: 'flask_server' with pid 26822
2016-10-18 08:51:18,444 INFO success: flask_server entered RUNNING state, process has stayed up for > than 1 seconds (startsecs)
2016-10-18 08:51:22,471 INFO exited: flask_server (exit status 1; not expected)
2016-10-18 08:51:23,473 INFO spawned: 'flask_server' with pid 26825
2016-10-18 08:51:24,630 INFO success: flask_server entered RUNNING state, process has stayed up for > than 1 seconds (startsecs)
2016-10-18 08:51:28,657 INFO exited: flask_server (exit status 1; not expected)
2016-10-18 08:51:29,659 INFO spawned: 'flask_server' with pid 26853
2016-10-18 08:51:30,816 INFO success: flask_server entered RUNNING state, process has stayed up for > than 1 seconds (startsecs)
2016-10-18 08:51:34,842 INFO exited: flask_server (exit status 1; not expected)
2016-10-18 08:51:35,845 INFO spawned: 'flask_server' with pid 26856
2016-10-18 08:51:37,001 INFO success: flask_server entered RUNNING state, process has stayed up for > than 1 seconds (startsecs)
2016-10-18 08:51:41,028 INFO exited: flask_server (exit status 1; not expected)
2016-10-18 08:51:42,030 INFO spawned: 'flask_server' with pid 26863
2016-10-18 08:51:43,188 INFO success: flask_server entered RUNNING state, process has stayed up for > than 1 seconds (startsecs)
2016-10-18 08:51:47,214 INFO exited: flask_server (exit status 1; not expected)
2016-10-18 08:51:48,216 INFO spawned: 'flask_server' with pid 26866
2016-10-18 08:51:49,369 INFO success: flask_server entered RUNNING state, process has stayed up for > than 1 seconds (startsecs)
2016-10-18 08:51:50,975 INFO waiting for flask_server to stop
2016-10-18 08:51:53,376 INFO waiting for flask_server to stop
2016-10-18 08:51:53,395 INFO stopped: flask_server (exit status 1)
2016-10-18 08:51:54,397 INFO spawned: 'flask_server' with pid 26869
2016-10-18 08:51:55,551 INFO success: flask_server entered RUNNING state, process has stayed up for > than 1 seconds (startsecs)
2016-10-18 08:51:59,579 INFO exited: flask_server (exit status 1; not expected)
2016-10-18 08:52:00,581 INFO spawned: 'flask_server' with pid 26872
2016-10-18 08:52:01,740 INFO success: flask_server entered RUNNING state, process has stayed up for > than 1 seconds (startsecs)
2016-10-18 08:52:03,100 INFO waiting for flask_server to stop
2016-10-18 08:52:05,766 INFO stopped: flask_server (exit status 1)
2016-10-18 08:53:43,304 WARN received SIGTERM indicating exit request
2016-10-18 08:53:56,368 CRIT Supervisor running as root (no user in config file)
2016-10-18 08:53:56,375 INFO RPC interface 'supervisor' initialized
2016-10-18 08:53:56,375 CRIT Server 'inet_http_server' running without any HTTP authentication checking
2016-10-18 08:53:56,376 INFO daemonizing the supervisord process
2016-10-18 08:53:56,377 INFO supervisord started with pid 26909
2016-10-18 08:53:57,379 INFO spawned: 'flask_server' with pid 26910
2016-10-18 08:53:58,540 INFO success: flask_server entered RUNNING state, process has stayed up for > than 1 seconds (startsecs)
2016-10-18 08:57:47,071 INFO waiting for flask_server to stop
2016-10-18 08:57:47,204 INFO stopped: flask_server (exit status 0)
2016-10-18 08:58:06,147 INFO spawned: 'flask_server' with pid 26923
2016-10-18 08:58:07,308 INFO success: flask_server entered RUNNING state, process has stayed up for > than 1 seconds (startsecs)
2016-10-18 08:58:48,802 WARN received SIGTERM indicating exit request
2016-10-18 08:58:48,802 INFO waiting for flask_server to die
2016-10-18 08:58:48,922 INFO stopped: flask_server (exit status 0)
2016-10-18 08:59:51,059 CRIT Supervisor running as root (no user in config file)
2016-10-18 08:59:51,066 INFO RPC interface 'supervisor' initialized
2016-10-18 08:59:51,066 CRIT Server 'inet_http_server' running without any HTTP authentication checking
2016-10-18 08:59:51,067 INFO daemonizing the supervisord process
2016-10-18 08:59:51,068 INFO supervisord started with pid 26936
2016-10-18 08:59:52,070 INFO spawned: 'flask_server' with pid 26937
2016-10-18 08:59:53,227 INFO success: flask_server entered RUNNING state, process has stayed up for > than 1 seconds (startsecs)
2016-10-18 09:01:01,369 WARN received SIGTERM indicating exit request
2016-10-18 09:01:01,369 INFO waiting for flask_server to die
2016-10-18 09:01:01,490 INFO stopped: flask_server (exit status 0)
2016-10-18 09:01:05,458 CRIT Supervisor running as root (no user in config file)
2016-10-18 09:01:05,465 INFO RPC interface 'supervisor' initialized
2016-10-18 09:01:05,465 CRIT Server 'inet_http_server' running without any HTTP authentication checking
2016-10-18 09:01:05,467 INFO daemonizing the supervisord process
2016-10-18 09:01:05,467 INFO supervisord started with pid 26964
2016-10-18 09:01:06,470 INFO spawned: 'flask_server' with pid 26965
2016-10-18 09:01:07,632 INFO success: flask_server entered RUNNING state, process has stayed up for > than 1 seconds (startsecs)
2016-10-18 09:08:19,923 WARN received SIGTERM indicating exit request
2016-10-18 09:08:19,923 INFO waiting for flask_server to die
2016-10-18 09:08:20,044 INFO stopped: flask_server (exit status 0)
2016-10-18 09:08:42,770 CRIT Supervisor running as root (no user in config file)
2016-10-18 09:08:42,777 INFO RPC interface 'supervisor' initialized
2016-10-18 09:08:42,777 CRIT Server 'inet_http_server' running without any HTTP authentication checking
2016-10-18 09:08:42,779 INFO daemonizing the supervisord process
2016-10-18 09:08:42,780 INFO supervisord started with pid 27001
2016-10-18 09:08:43,782 INFO spawned: 'flask_server' with pid 27002
2016-10-18 09:08:44,941 INFO success: flask_server entered RUNNING state, process has stayed up for > than 1 seconds (startsecs)
2016-10-18 09:09:40,261 INFO exited: flask_server (terminated by SIGKILL; not expected)
2016-10-18 09:09:40,262 INFO spawned: 'flask_server' with pid 27050
2016-10-18 09:09:41,419 INFO success: flask_server entered RUNNING state, process has stayed up for > than 1 seconds (startsecs)
2016-10-18 09:14:28,531 INFO exited: flask_server (terminated by SIGKILL; not expected)
2016-10-18 09:14:28,532 INFO spawned: 'flask_server' with pid 27069
2016-10-18 09:14:29,687 INFO success: flask_server entered RUNNING state, process has stayed up for > than 1 seconds (startsecs)
2016-10-18 09:15:02,859 INFO exited: flask_server (terminated by SIGKILL; not expected)
2016-10-18 09:15:02,860 INFO spawned: 'flask_server' with pid 27076
2016-10-18 09:15:04,019 INFO success: flask_server entered RUNNING state, process has stayed up for > than 1 seconds (startsecs)
2016-10-18 09:15:08,046 INFO exited: flask_server (exit status 1; not expected)
2016-10-18 09:15:09,048 INFO spawned: 'flask_server' with pid 27081
2016-10-18 09:15:10,206 INFO success: flask_server entered RUNNING state, process has stayed up for > than 1 seconds (startsecs)
2016-10-18 09:15:14,234 INFO exited: flask_server (exit status 1; not expected)
2016-10-18 09:15:15,237 INFO spawned: 'flask_server' with pid 27084
2016-10-18 09:15:16,391 INFO success: flask_server entered RUNNING state, process has stayed up for > than 1 seconds (startsecs)
2016-10-18 09:16:23,900 INFO exited: flask_server (terminated by SIGKILL; not expected)
2016-10-18 09:16:23,901 INFO spawned: 'flask_server' with pid 27091
2016-10-18 09:16:25,057 INFO success: flask_server entered RUNNING state, process has stayed up for > than 1 seconds (startsecs)
2016-10-18 09:16:29,085 INFO exited: flask_server (exit status 1; not expected)
2016-10-18 09:16:30,087 INFO spawned: 'flask_server' with pid 27096
2016-10-18 09:16:31,246 INFO success: flask_server entered RUNNING state, process has stayed up for > than 1 seconds (startsecs)
2016-10-18 09:16:52,037 WARN received SIGTERM indicating exit request
2016-10-18 09:16:52,037 INFO waiting for flask_server to die
2016-10-18 09:16:52,157 INFO stopped: flask_server (exit status 0)
2016-10-18 09:23:24,359 CRIT Supervisor running as root (no user in config file)
2016-10-18 09:23:24,366 INFO RPC interface 'supervisor' initialized
2016-10-18 09:23:24,366 CRIT Server 'inet_http_server' running without any HTTP authentication checking
2016-10-18 09:23:24,368 INFO daemonizing the supervisord process
2016-10-18 09:23:24,368 INFO supervisord started with pid 27137
2016-10-18 09:23:25,371 INFO spawned: 'flask_server' with pid 27138
2016-10-18 09:23:26,527 INFO success: flask_server entered RUNNING state, process has stayed up for > than 1 seconds (startsecs)
2016-10-18 09:25:56,661 WARN received SIGTERM indicating exit request
2016-10-18 09:25:56,661 INFO waiting for flask_server to die
2016-10-18 09:25:56,781 INFO stopped: flask_server (exit status 0)
2016-10-18 09:26:48,393 CRIT Supervisor running as root (no user in config file)
2016-10-18 09:26:48,400 INFO RPC interface 'supervisor' initialized
2016-10-18 09:26:48,400 CRIT Server 'inet_http_server' running without any HTTP authentication checking
2016-10-18 09:26:48,403 INFO daemonizing the supervisord process
2016-10-18 09:26:48,403 INFO supervisord started with pid 27176
2016-10-18 09:26:48,489 INFO spawned: 'flask_server' with pid 27181
2016-10-18 09:26:49,659 INFO success: flask_server entered RUNNING state, process has stayed up for > than 1 seconds (startsecs)
2016-10-18 18:57:14,589 WARN received SIGTERM indicating exit request
2016-10-18 18:57:14,589 INFO waiting for flask_server to die
2016-10-18 18:57:14,727 INFO stopped: flask_server (exit status 0)
2016-10-18 18:57:14,742 CRIT Supervisor running as root (no user in config file)
2016-10-18 18:57:14,750 INFO RPC interface 'supervisor' initialized
2016-10-18 18:57:14,750 CRIT Server 'inet_http_server' running without any HTTP authentication checking
2016-10-18 18:57:14,754 INFO daemonizing the supervisord process
2016-10-18 18:57:14,754 INFO supervisord started with pid 28230
2016-10-18 18:57:14,843 INFO spawned: 'flask_server' with pid 28235
2016-10-18 18:57:16,015 INFO success: flask_server entered RUNNING state, process has stayed up for > than 1 seconds (startsecs)
2016-10-18 19:04:56,800 WARN received SIGTERM indicating exit request
2016-10-18 19:04:56,800 INFO waiting for flask_server to die
2016-10-18 19:04:56,939 INFO stopped: flask_server (exit status 0)
2016-10-18 19:04:56,954 CRIT Supervisor running as root (no user in config file)
2016-10-18 19:04:56,963 INFO RPC interface 'supervisor' initialized
2016-10-18 19:04:56,963 CRIT Server 'inet_http_server' running without any HTTP authentication checking
2016-10-18 19:04:56,966 INFO daemonizing the supervisord process
2016-10-18 19:04:56,967 INFO supervisord started with pid 28299
2016-10-18 19:04:57,058 INFO spawned: 'flask_server' with pid 28304
2016-10-18 19:04:58,233 INFO success: flask_server entered RUNNING state, process has stayed up for > than 1 seconds (startsecs)
2016-10-18 19:19:50,107 WARN received SIGTERM indicating exit request
2016-10-18 19:19:50,107 INFO waiting for flask_server to die
2016-10-18 19:19:50,247 INFO stopped: flask_server (exit status 0)
2016-10-18 19:19:50,259 CRIT Supervisor running as root (no user in config file)
2016-10-18 19:19:50,267 INFO RPC interface 'supervisor' initialized
2016-10-18 19:19:50,267 CRIT Server 'inet_http_server' running without any HTTP authentication checking
2016-10-18 19:19:50,270 INFO daemonizing the supervisord process
2016-10-18 19:19:50,271 INFO supervisord started with pid 28495
2016-10-18 19:19:50,358 INFO spawned: 'flask_server' with pid 28500
2016-10-18 19:19:51,531 INFO success: flask_server entered RUNNING state, process has stayed up for > than 1 seconds (startsecs)
2016-10-18 19:21:34,038 WARN received SIGTERM indicating exit request
2016-10-18 19:21:34,038 INFO waiting for flask_server to die
2016-10-18 19:21:34,175 INFO stopped: flask_server (exit status 0)
2016-10-18 19:21:34,190 CRIT Supervisor running as root (no user in config file)
2016-10-18 19:21:34,199 INFO RPC interface 'supervisor' initialized
2016-10-18 19:21:34,199 CRIT Server 'inet_http_server' running without any HTTP authentication checking
2016-10-18 19:21:34,203 INFO daemonizing the supervisord process
2016-10-18 19:21:34,203 INFO supervisord started with pid 28544
2016-10-18 19:21:34,291 INFO spawned: 'flask_server' with pid 28549
2016-10-18 19:21:35,460 INFO success: flask_server entered RUNNING state, process has stayed up for > than 1 seconds (startsecs)
2016-10-18 19:22:39,733 WARN received SIGTERM indicating exit request
2016-10-18 19:22:39,733 INFO waiting for flask_server to die
2016-10-18 19:22:39,853 INFO stopped: flask_server (exit status 0)
2016-10-18 19:23:51,342 CRIT Supervisor running as root (no user in config file)
2016-10-18 19:23:51,358 INFO RPC interface 'supervisor' initialized
2016-10-18 19:23:51,358 CRIT Server 'inet_http_server' running without any HTTP authentication checking
2016-10-18 19:23:51,362 INFO daemonizing the supervisord process
2016-10-18 19:23:51,362 INFO supervisord started with pid 2587
2016-10-18 19:23:51,455 INFO spawned: 'flask_server' with pid 2592
2016-10-18 19:23:52,913 INFO success: flask_server entered RUNNING state, process has stayed up for > than 1 seconds (startsecs)
2016-10-18 19:33:21,504 WARN received SIGTERM indicating exit request
2016-10-18 19:33:21,504 INFO waiting for flask_server to die
2016-10-18 19:33:21,640 INFO stopped: flask_server (exit status 0)
2016-10-18 19:33:21,651 CRIT Supervisor running as root (no user in config file)
2016-10-18 19:33:21,661 INFO RPC interface 'supervisor' initialized
2016-10-18 19:33:21,661 CRIT Server 'inet_http_server' running without any HTTP authentication checking
2016-10-18 19:33:21,664 INFO daemonizing the supervisord process
2016-10-18 19:33:21,664 INFO supervisord started with pid 2650
2016-10-18 19:33:21,752 INFO spawned: 'flask_server' with pid 2655
2016-10-18 19:33:22,923 INFO success: flask_server entered RUNNING state, process has stayed up for > than 1 seconds (startsecs)
2016-10-18 22:25:54,032 WARN received SIGTERM indicating exit request
2016-10-18 22:25:54,033 INFO waiting for flask_server to die
2016-10-18 22:25:54,172 INFO stopped: flask_server (exit status 0)
2016-10-18 22:25:54,186 CRIT Supervisor running as root (no user in config file)
2016-10-18 22:25:54,194 INFO RPC interface 'supervisor' initialized
2016-10-18 22:25:54,194 CRIT Server 'inet_http_server' running without any HTTP authentication checking
2016-10-18 22:25:54,198 INFO daemonizing the supervisord process
2016-10-18 22:25:54,198 INFO supervisord started with pid 3197
2016-10-18 22:25:54,286 INFO spawned: 'flask_server' with pid 3202
2016-10-18 22:25:55,458 INFO success: flask_server entered RUNNING state, process has stayed up for > than 1 seconds (startsecs)
2016-10-18 22:35:40,340 WARN received SIGTERM indicating exit request
2016-10-18 22:35:40,340 INFO waiting for flask_server to die
2016-10-18 22:35:40,480 INFO stopped: flask_server (exit status 0)
2016-10-18 22:35:40,491 CRIT Supervisor running as root (no user in config file)
2016-10-18 22:35:40,500 INFO RPC interface 'supervisor' initialized
2016-10-18 22:35:40,500 CRIT Server 'inet_http_server' running without any HTTP authentication checking
2016-10-18 22:35:40,504 INFO daemonizing the supervisord process
2016-10-18 22:35:40,504 INFO supervisord started with pid 3229
2016-10-18 22:35:40,592 INFO spawned: 'flask_server' with pid 3234
2016-10-18 22:35:41,762 INFO success: flask_server entered RUNNING state, process has stayed up for > than 1 seconds (startsecs)
2016-10-18 22:39:50,022 WARN received SIGTERM indicating exit request
2016-10-18 22:39:50,022 INFO waiting for flask_server to die
2016-10-18 22:39:50,164 INFO stopped: flask_server (exit status 0)
2016-10-18 22:39:50,181 CRIT Supervisor running as root (no user in config file)
2016-10-18 22:39:50,188 INFO RPC interface 'supervisor' initialized
2016-10-18 22:39:50,188 CRIT Server 'inet_http_server' running without any HTTP authentication checking
2016-10-18 22:39:50,192 INFO daemonizing the supervisord process
2016-10-18 22:39:50,192 INFO supervisord started with pid 3250
2016-10-18 22:39:50,282 INFO spawned: 'flask_server' with pid 3255
2016-10-18 22:39:51,457 INFO success: flask_server entered RUNNING state, process has stayed up for > than 1 seconds (startsecs)
